============================= test session starts =============================
platform win32 -- Python 3.6.7, pytest-7.0.1, pluggy-1.0.0 -- C:\Users\bhadauri\PycharmProjects\EZPF-Automation\env\Scripts\python.exe
cachedir: .pytest_cache
rootdir: C:\Users\bhadauri\PycharmProjects\EZPF-Automation, configfile: pytest.ini
collecting ... collected 2 items

test_rebuild_os.py::test_jenkins_is_alive PASSED                         [ 50%]
test_rebuild_os.py::test_os_install_trigger_job FAILED                   [100%]

================================== FAILURES ===================================
_________________________ test_os_install_trigger_job _________________________

self = <urllib3.connectionpool.HTTPSConnectionPool object at 0x0000020CF88C8470>
method = 'GET', url = '/crumbIssuer/api/json', body = None
headers = {'User-Agent': 'python-requests/2.27.1', 'Accept-Encoding': 'gzip, deflate', 'Accept': '*/*', 'Connection': 'keep-alive', 'Authorization': 'Basic dml2ZWs6MTE4YjRmODJjYjRmYzI0MWY1YTE3YjBkZWYyNjUzYzAxZQ=='}
retries = Retry(total=0, connect=None, read=False, redirect=None, status=None)
redirect = False, assert_same_host = False
timeout = Timeout(connect=None, read=None, total=None), pool_timeout = None
release_conn = False, chunked = False, body_pos = None
response_kw = {'decode_content': False, 'preload_content': False}
parsed_url = Url(scheme=None, auth=None, host=None, port=None, path='/crumbIssuer/api/json', query=None, fragment=None)
destination_scheme = None, conn = None, release_this_conn = True
http_tunnel_required = False, err = None, clean_exit = False

    def urlopen(
        self,
        method,
        url,
        body=None,
        headers=None,
        retries=None,
        redirect=True,
        assert_same_host=True,
        timeout=_Default,
        pool_timeout=None,
        release_conn=None,
        chunked=False,
        body_pos=None,
        **response_kw
    ):
        """
        Get a connection from the pool and perform an HTTP request. This is the
        lowest level call for making a request, so you'll need to specify all
        the raw details.
    
        .. note::
    
           More commonly, it's appropriate to use a convenience method provided
           by :class:`.RequestMethods`, such as :meth:`request`.
    
        .. note::
    
           `release_conn` will only behave as expected if
           `preload_content=False` because we want to make
           `preload_content=False` the default behaviour someday soon without
           breaking backwards compatibility.
    
        :param method:
            HTTP request method (such as GET, POST, PUT, etc.)
    
        :param url:
            The URL to perform the request on.
    
        :param body:
            Data to send in the request body, either :class:`str`, :class:`bytes`,
            an iterable of :class:`str`/:class:`bytes`, or a file-like object.
    
        :param headers:
            Dictionary of custom headers to send, such as User-Agent,
            If-None-Match, etc. If None, pool headers are used. If provided,
            these headers completely replace any pool-specific headers.
    
        :param retries:
            Configure the number of retries to allow before raising a
            :class:`~urllib3.exceptions.MaxRetryError` exception.
    
            Pass ``None`` to retry until you receive a response. Pass a
            :class:`~urllib3.util.retry.Retry` object for fine-grained control
            over different types of retries.
            Pass an integer number to retry connection errors that many times,
            but no other types of errors. Pass zero to never retry.
    
            If ``False``, then retries are disabled and any exception is raised
            immediately. Also, instead of raising a MaxRetryError on redirects,
            the redirect response will be returned.
    
        :type retries: :class:`~urllib3.util.retry.Retry`, False, or an int.
    
        :param redirect:
            If True, automatically handle redirects (status codes 301, 302,
            303, 307, 308). Each redirect counts as a retry. Disabling retries
            will disable redirect, too.
    
        :param assert_same_host:
            If ``True``, will make sure that the host of the pool requests is
            consistent else will raise HostChangedError. When ``False``, you can
            use the pool on an HTTP proxy and request foreign hosts.
    
        :param timeout:
            If specified, overrides the default timeout for this one
            request. It may be a float (in seconds) or an instance of
            :class:`urllib3.util.Timeout`.
    
        :param pool_timeout:
            If set and the pool is set to block=True, then this method will
            block for ``pool_timeout`` seconds and raise EmptyPoolError if no
            connection is available within the time period.
    
        :param release_conn:
            If False, then the urlopen call will not release the connection
            back into the pool once a response is received (but will release if
            you read the entire contents of the response such as when
            `preload_content=True`). This is useful if you're not preloading
            the response's content immediately. You will need to call
            ``r.release_conn()`` on the response ``r`` to return the connection
            back into the pool. If None, it takes the value of
            ``response_kw.get('preload_content', True)``.
    
        :param chunked:
            If True, urllib3 will send the body using chunked transfer
            encoding. Otherwise, urllib3 will send the body using the standard
            content-length form. Defaults to False.
    
        :param int body_pos:
            Position to seek to in file-like body in the event of a retry or
            redirect. Typically this won't need to be set because urllib3 will
            auto-populate the value when needed.
    
        :param \\**response_kw:
            Additional parameters are passed to
            :meth:`urllib3.response.HTTPResponse.from_httplib`
        """
    
        parsed_url = parse_url(url)
        destination_scheme = parsed_url.scheme
    
        if headers is None:
            headers = self.headers
    
        if not isinstance(retries, Retry):
            retries = Retry.from_int(retries, redirect=redirect, default=self.retries)
    
        if release_conn is None:
            release_conn = response_kw.get("preload_content", True)
    
        # Check host
        if assert_same_host and not self.is_same_host(url):
            raise HostChangedError(self, url, retries)
    
        # Ensure that the URL we're connecting to is properly encoded
        if url.startswith("/"):
            url = six.ensure_str(_encode_target(url))
        else:
            url = six.ensure_str(parsed_url.url)
    
        conn = None
    
        # Track whether `conn` needs to be released before
        # returning/raising/recursing. Update this variable if necessary, and
        # leave `release_conn` constant throughout the function. That way, if
        # the function recurses, the original value of `release_conn` will be
        # passed down into the recursive call, and its value will be respected.
        #
        # See issue #651 [1] for details.
        #
        # [1] <https://github.com/urllib3/urllib3/issues/651>
        release_this_conn = release_conn
    
        http_tunnel_required = connection_requires_http_tunnel(
            self.proxy, self.proxy_config, destination_scheme
        )
    
        # Merge the proxy headers. Only done when not using HTTP CONNECT. We
        # have to copy the headers dict so we can safely change it without those
        # changes being reflected in anyone else's copy.
        if not http_tunnel_required:
            headers = headers.copy()
            headers.update(self.proxy_headers)
    
        # Must keep the exception bound to a separate variable or else Python 3
        # complains about UnboundLocalError.
        err = None
    
        # Keep track of whether we cleanly exited the except block. This
        # ensures we do proper cleanup in finally.
        clean_exit = False
    
        # Rewind body position, if needed. Record current position
        # for future rewinds in the event of a redirect/retry.
        body_pos = set_file_position(body, body_pos)
    
        try:
            # Request a connection from the queue.
            timeout_obj = self._get_timeout(timeout)
            conn = self._get_conn(timeout=pool_timeout)
    
            conn.timeout = timeout_obj.connect_timeout
    
            is_new_proxy_conn = self.proxy is not None and not getattr(
                conn, "sock", None
            )
            if is_new_proxy_conn and http_tunnel_required:
                self._prepare_proxy(conn)
    
            # Make the request on the httplib connection object.
            httplib_response = self._make_request(
                conn,
                method,
                url,
                timeout=timeout_obj,
                body=body,
                headers=headers,
>               chunked=chunked,
            )

env\lib\site-packages\urllib3\connectionpool.py:710: 
_ _ _ _ _ _ _ _ _ _ _ _ _ _ _ _ _ _ _ _ _ _ _ _ _ _ _ _ _ _ _ _ _ _ _ _ _ _ _ _

self = <urllib3.connectionpool.HTTPSConnectionPool object at 0x0000020CF88C8470>
conn = <urllib3.connection.HTTPSConnection object at 0x0000020CF88C8C50>
method = 'GET', url = '/crumbIssuer/api/json'
timeout = Timeout(connect=None, read=None, total=None), chunked = False
httplib_request_kw = {'body': None, 'headers': {'User-Agent': 'python-requests/2.27.1', 'Accept-Encoding': 'gzip, deflate', 'Accept': '*/*', 'Connection': 'keep-alive', 'Authorization': 'Basic dml2ZWs6MTE4YjRmODJjYjRmYzI0MWY1YTE3YjBkZWYyNjUzYzAxZQ=='}}
timeout_obj = Timeout(connect=None, read=None, total=None)

    def _make_request(
        self, conn, method, url, timeout=_Default, chunked=False, **httplib_request_kw
    ):
        """
        Perform a request on a given urllib connection object taken from our
        pool.
    
        :param conn:
            a connection from one of our connection pools
    
        :param timeout:
            Socket timeout in seconds for the request. This can be a
            float or integer, which will set the same timeout value for
            the socket connect and the socket read, or an instance of
            :class:`urllib3.util.Timeout`, which gives you more fine-grained
            control over your timeouts.
        """
        self.num_requests += 1
    
        timeout_obj = self._get_timeout(timeout)
        timeout_obj.start_connect()
        conn.timeout = timeout_obj.connect_timeout
    
        # Trigger any extra validation we need to do.
        try:
>           self._validate_conn(conn)

env\lib\site-packages\urllib3\connectionpool.py:386: 
_ _ _ _ _ _ _ _ _ _ _ _ _ _ _ _ _ _ _ _ _ _ _ _ _ _ _ _ _ _ _ _ _ _ _ _ _ _ _ _

self = <urllib3.connectionpool.HTTPSConnectionPool object at 0x0000020CF88C8470>
conn = <urllib3.connection.HTTPSConnection object at 0x0000020CF88C8C50>

    def _validate_conn(self, conn):
        """
        Called right before a request is made, after the socket is created.
        """
        super(HTTPSConnectionPool, self)._validate_conn(conn)
    
        # Force connect early to allow us to validate the connection.
        if not getattr(conn, "sock", None):  # AppEngine might not have  `.sock`
>           conn.connect()

env\lib\site-packages\urllib3\connectionpool.py:1040: 
_ _ _ _ _ _ _ _ _ _ _ _ _ _ _ _ _ _ _ _ _ _ _ _ _ _ _ _ _ _ _ _ _ _ _ _ _ _ _ _

self = <urllib3.connection.HTTPSConnection object at 0x0000020CF88C8C50>

    def connect(self):
        # Add certificate verification
        self.sock = conn = self._new_conn()
        hostname = self.host
        tls_in_tls = False
    
        if self._is_using_tunnel():
            if self.tls_in_tls_required:
                self.sock = conn = self._connect_tls_proxy(hostname, conn)
                tls_in_tls = True
    
            # Calls self._set_hostport(), so self.host is
            # self._tunnel_host below.
            self._tunnel()
            # Mark this connection as not reusable
            self.auto_open = 0
    
            # Override the host with the one we're requesting data from.
            hostname = self._tunnel_host
    
        server_hostname = hostname
        if self.server_hostname is not None:
            server_hostname = self.server_hostname
    
        is_time_off = datetime.date.today() < RECENT_DATE
        if is_time_off:
            warnings.warn(
                (
                    "System time is way off (before {0}). This will probably "
                    "lead to SSL verification errors"
                ).format(RECENT_DATE),
                SystemTimeWarning,
            )
    
        # Wrap socket using verification with the root certs in
        # trusted_root_certs
        default_ssl_context = False
        if self.ssl_context is None:
            default_ssl_context = True
            self.ssl_context = create_urllib3_context(
                ssl_version=resolve_ssl_version(self.ssl_version),
                cert_reqs=resolve_cert_reqs(self.cert_reqs),
            )
    
        context = self.ssl_context
        context.verify_mode = resolve_cert_reqs(self.cert_reqs)
    
        # Try to load OS default certs if none are given.
        # Works well on Windows (requires Python3.4+)
        if (
            not self.ca_certs
            and not self.ca_cert_dir
            and not self.ca_cert_data
            and default_ssl_context
            and hasattr(context, "load_default_certs")
        ):
            context.load_default_certs()
    
        self.sock = ssl_wrap_socket(
            sock=conn,
            keyfile=self.key_file,
            certfile=self.cert_file,
            key_password=self.key_password,
            ca_certs=self.ca_certs,
            ca_cert_dir=self.ca_cert_dir,
            ca_cert_data=self.ca_cert_data,
            server_hostname=server_hostname,
            ssl_context=context,
>           tls_in_tls=tls_in_tls,
        )

env\lib\site-packages\urllib3\connection.py:424: 
_ _ _ _ _ _ _ _ _ _ _ _ _ _ _ _ _ _ _ _ _ _ _ _ _ _ _ _ _ _ _ _ _ _ _ _ _ _ _ _

sock = <socket.socket [closed] fd=-1, family=AddressFamily.AF_INET, type=SocketKind.SOCK_STREAM, proto=0>
keyfile = None, certfile = None, cert_reqs = None
ca_certs = 'C:\\Users\\bhadauri\\PycharmProjects\\EZPF-Automation\\env\\lib\\site-packages\\certifi\\cacert.pem'
server_hostname = 'ez-jenkins.mip.storage.hpecorp.net', ssl_version = None
ciphers = None, ssl_context = <ssl.SSLContext object at 0x0000020CF7D0D208>
ca_cert_dir = None, key_password = None, ca_cert_data = None, tls_in_tls = False

    def ssl_wrap_socket(
        sock,
        keyfile=None,
        certfile=None,
        cert_reqs=None,
        ca_certs=None,
        server_hostname=None,
        ssl_version=None,
        ciphers=None,
        ssl_context=None,
        ca_cert_dir=None,
        key_password=None,
        ca_cert_data=None,
        tls_in_tls=False,
    ):
        """
        All arguments except for server_hostname, ssl_context, and ca_cert_dir have
        the same meaning as they do when using :func:`ssl.wrap_socket`.
    
        :param server_hostname:
            When SNI is supported, the expected hostname of the certificate
        :param ssl_context:
            A pre-made :class:`SSLContext` object. If none is provided, one will
            be created using :func:`create_urllib3_context`.
        :param ciphers:
            A string of ciphers we wish the client to support.
        :param ca_cert_dir:
            A directory containing CA certificates in multiple separate files, as
            supported by OpenSSL's -CApath flag or the capath argument to
            SSLContext.load_verify_locations().
        :param key_password:
            Optional password if the keyfile is encrypted.
        :param ca_cert_data:
            Optional string containing CA certificates in PEM format suitable for
            passing as the cadata parameter to SSLContext.load_verify_locations()
        :param tls_in_tls:
            Use SSLTransport to wrap the existing socket.
        """
        context = ssl_context
        if context is None:
            # Note: This branch of code and all the variables in it are no longer
            # used by urllib3 itself. We should consider deprecating and removing
            # this code.
            context = create_urllib3_context(ssl_version, cert_reqs, ciphers=ciphers)
    
        if ca_certs or ca_cert_dir or ca_cert_data:
            try:
                context.load_verify_locations(ca_certs, ca_cert_dir, ca_cert_data)
            except (IOError, OSError) as e:
                raise SSLError(e)
    
        elif ssl_context is None and hasattr(context, "load_default_certs"):
            # try to load OS default certs; works well on Windows (require Python3.4+)
            context.load_default_certs()
    
        # Attempt to detect if we get the goofy behavior of the
        # keyfile being encrypted and OpenSSL asking for the
        # passphrase via the terminal and instead error out.
        if keyfile and key_password is None and _is_key_file_encrypted(keyfile):
            raise SSLError("Client private key is encrypted, password is required")
    
        if certfile:
            if key_password is None:
                context.load_cert_chain(certfile, keyfile)
            else:
                context.load_cert_chain(certfile, keyfile, key_password)
    
        try:
            if hasattr(context, "set_alpn_protocols"):
                context.set_alpn_protocols(ALPN_PROTOCOLS)
        except NotImplementedError:  # Defensive: in CI, we always have set_alpn_protocols
            pass
    
        # If we detect server_hostname is an IP address then the SNI
        # extension should not be used according to RFC3546 Section 3.1
        use_sni_hostname = server_hostname and not is_ipaddress(server_hostname)
        # SecureTransport uses server_hostname in certificate verification.
        send_sni = (use_sni_hostname and HAS_SNI) or (
            IS_SECURETRANSPORT and server_hostname
        )
        # Do not warn the user if server_hostname is an invalid SNI hostname.
        if not HAS_SNI and use_sni_hostname:
            warnings.warn(
                "An HTTPS request has been made, but the SNI (Server Name "
                "Indication) extension to TLS is not available on this platform. "
                "This may cause the server to present an incorrect TLS "
                "certificate, which can cause validation failures. You can upgrade to "
                "a newer version of Python to solve this. For more information, see "
                "https://urllib3.readthedocs.io/en/1.26.x/advanced-usage.html"
                "#ssl-warnings",
                SNIMissingWarning,
            )
    
        if send_sni:
            ssl_sock = _ssl_wrap_socket_impl(
>               sock, context, tls_in_tls, server_hostname=server_hostname
            )

env\lib\site-packages\urllib3\util\ssl_.py:450: 
_ _ _ _ _ _ _ _ _ _ _ _ _ _ _ _ _ _ _ _ _ _ _ _ _ _ _ _ _ _ _ _ _ _ _ _ _ _ _ _

sock = <socket.socket [closed] fd=-1, family=AddressFamily.AF_INET, type=SocketKind.SOCK_STREAM, proto=0>
ssl_context = <ssl.SSLContext object at 0x0000020CF7D0D208>, tls_in_tls = False
server_hostname = 'ez-jenkins.mip.storage.hpecorp.net'

    def _ssl_wrap_socket_impl(sock, ssl_context, tls_in_tls, server_hostname=None):
        if tls_in_tls:
            if not SSLTransport:
                # Import error, ssl is not available.
                raise ProxySchemeUnsupported(
                    "TLS in TLS requires support for the 'ssl' module"
                )
    
            SSLTransport._validate_ssl_context_for_tls_in_tls(ssl_context)
            return SSLTransport(sock, ssl_context, server_hostname)
    
        if server_hostname:
>           return ssl_context.wrap_socket(sock, server_hostname=server_hostname)

env\lib\site-packages\urllib3\util\ssl_.py:493: 
_ _ _ _ _ _ _ _ _ _ _ _ _ _ _ _ _ _ _ _ _ _ _ _ _ _ _ _ _ _ _ _ _ _ _ _ _ _ _ _

self = <ssl.SSLContext object at 0x0000020CF7D0D208>
sock = <socket.socket [closed] fd=-1, family=AddressFamily.AF_INET, type=SocketKind.SOCK_STREAM, proto=0>
server_side = False, do_handshake_on_connect = True, suppress_ragged_eofs = True
server_hostname = 'ez-jenkins.mip.storage.hpecorp.net', session = None

    def wrap_socket(self, sock, server_side=False,
                    do_handshake_on_connect=True,
                    suppress_ragged_eofs=True,
                    server_hostname=None, session=None):
        return SSLSocket(sock=sock, server_side=server_side,
                         do_handshake_on_connect=do_handshake_on_connect,
                         suppress_ragged_eofs=suppress_ragged_eofs,
                         server_hostname=server_hostname,
>                        _context=self, _session=session)

C:\Program Files\Python36\lib\ssl.py:407: 
_ _ _ _ _ _ _ _ _ _ _ _ _ _ _ _ _ _ _ _ _ _ _ _ _ _ _ _ _ _ _ _ _ _ _ _ _ _ _ _

self = <ssl.SSLSocket [closed] fd=-1, family=AddressFamily.AF_INET, type=SocketKind.SOCK_STREAM, proto=0>
sock = <socket.socket [closed] fd=-1, family=AddressFamily.AF_INET, type=SocketKind.SOCK_STREAM, proto=0>
keyfile = None, certfile = None, server_side = False
cert_reqs = <VerifyMode.CERT_NONE: 0>
ssl_version = <_SSLMethod.PROTOCOL_TLS: 2>, ca_certs = None
do_handshake_on_connect = True, family = <AddressFamily.AF_INET: 2>
type = <SocketKind.SOCK_STREAM: 1>, proto = 0, fileno = None
suppress_ragged_eofs = True, npn_protocols = None, ciphers = None
server_hostname = 'ez-jenkins.mip.storage.hpecorp.net'
_context = <ssl.SSLContext object at 0x0000020CF7D0D208>, _session = None

    def __init__(self, sock=None, keyfile=None, certfile=None,
                 server_side=False, cert_reqs=CERT_NONE,
                 ssl_version=PROTOCOL_TLS, ca_certs=None,
                 do_handshake_on_connect=True,
                 family=AF_INET, type=SOCK_STREAM, proto=0, fileno=None,
                 suppress_ragged_eofs=True, npn_protocols=None, ciphers=None,
                 server_hostname=None,
                 _context=None, _session=None):
    
        if _context:
            self._context = _context
        else:
            if server_side and not certfile:
                raise ValueError("certfile must be specified for server-side "
                                 "operations")
            if keyfile and not certfile:
                raise ValueError("certfile must be specified")
            if certfile and not keyfile:
                keyfile = certfile
            self._context = SSLContext(ssl_version)
            self._context.verify_mode = cert_reqs
            if ca_certs:
                self._context.load_verify_locations(ca_certs)
            if certfile:
                self._context.load_cert_chain(certfile, keyfile)
            if npn_protocols:
                self._context.set_npn_protocols(npn_protocols)
            if ciphers:
                self._context.set_ciphers(ciphers)
            self.keyfile = keyfile
            self.certfile = certfile
            self.cert_reqs = cert_reqs
            self.ssl_version = ssl_version
            self.ca_certs = ca_certs
            self.ciphers = ciphers
        # Can't use sock.type as other flags (such as SOCK_NONBLOCK) get
        # mixed in.
        if sock.getsockopt(SOL_SOCKET, SO_TYPE) != SOCK_STREAM:
            raise NotImplementedError("only stream sockets are supported")
        if server_side:
            if server_hostname:
                raise ValueError("server_hostname can only be specified "
                                 "in client mode")
            if _session is not None:
                raise ValueError("session can only be specified in "
                                 "client mode")
        if self._context.check_hostname and not server_hostname:
            raise ValueError("check_hostname requires server_hostname")
        self._session = _session
        self.server_side = server_side
        self.server_hostname = server_hostname
        self.do_handshake_on_connect = do_handshake_on_connect
        self.suppress_ragged_eofs = suppress_ragged_eofs
        if sock is not None:
            socket.__init__(self,
                            family=sock.family,
                            type=sock.type,
                            proto=sock.proto,
                            fileno=sock.fileno())
            self.settimeout(sock.gettimeout())
            sock.detach()
        elif fileno is not None:
            socket.__init__(self, fileno=fileno)
        else:
            socket.__init__(self, family=family, type=type, proto=proto)
    
        # See if we are connected
        try:
            self.getpeername()
        except OSError as e:
            if e.errno != errno.ENOTCONN:
                raise
            connected = False
        else:
            connected = True
    
        self._closed = False
        self._sslobj = None
        self._connected = connected
        if connected:
            # create the SSL object
            try:
                sslobj = self._context._wrap_socket(self, server_side,
                                                    server_hostname)
                self._sslobj = SSLObject(sslobj, owner=self,
                                         session=self._session)
                if do_handshake_on_connect:
                    timeout = self.gettimeout()
                    if timeout == 0.0:
                        # non-blocking
                        raise ValueError("do_handshake_on_connect should not be specified for non-blocking sockets")
>                   self.do_handshake()

C:\Program Files\Python36\lib\ssl.py:817: 
_ _ _ _ _ _ _ _ _ _ _ _ _ _ _ _ _ _ _ _ _ _ _ _ _ _ _ _ _ _ _ _ _ _ _ _ _ _ _ _

self = <ssl.SSLSocket [closed] fd=-1, family=AddressFamily.AF_INET, type=SocketKind.SOCK_STREAM, proto=0>
block = False

    def do_handshake(self, block=False):
        """Perform a TLS/SSL handshake."""
        self._check_connected()
        timeout = self.gettimeout()
        try:
            if timeout == 0.0 and block:
                self.settimeout(None)
>           self._sslobj.do_handshake()

C:\Program Files\Python36\lib\ssl.py:1077: 
_ _ _ _ _ _ _ _ _ _ _ _ _ _ _ _ _ _ _ _ _ _ _ _ _ _ _ _ _ _ _ _ _ _ _ _ _ _ _ _

self = <ssl.SSLObject object at 0x0000020CF88C8B70>

    def do_handshake(self):
        """Start the SSL/TLS handshake."""
>       self._sslobj.do_handshake()
E       ssl.SSLError: [SSL: CERTIFICATE_VERIFY_FAILED] certificate verify failed (_ssl.c:847)

C:\Program Files\Python36\lib\ssl.py:689: SSLError

During handling of the above exception, another exception occurred:

self = <requests.adapters.HTTPAdapter object at 0x0000020CF88C82E8>
request = <PreparedRequest [GET]>, stream = False
timeout = Timeout(connect=None, read=None, total=None), verify = True
cert = None, proxies = OrderedDict()

    def send(self, request, stream=False, timeout=None, verify=True, cert=None, proxies=None):
        """Sends PreparedRequest object. Returns Response object.
    
        :param request: The :class:`PreparedRequest <PreparedRequest>` being sent.
        :param stream: (optional) Whether to stream the request content.
        :param timeout: (optional) How long to wait for the server to send
            data before giving up, as a float, or a :ref:`(connect timeout,
            read timeout) <timeouts>` tuple.
        :type timeout: float or tuple or urllib3 Timeout object
        :param verify: (optional) Either a boolean, in which case it controls whether
            we verify the server's TLS certificate, or a string, in which case it
            must be a path to a CA bundle to use
        :param cert: (optional) Any user-provided SSL certificate to be trusted.
        :param proxies: (optional) The proxies dictionary to apply to the request.
        :rtype: requests.Response
        """
    
        try:
            conn = self.get_connection(request.url, proxies)
        except LocationValueError as e:
            raise InvalidURL(e, request=request)
    
        self.cert_verify(conn, request.url, verify, cert)
        url = self.request_url(request, proxies)
        self.add_headers(request, stream=stream, timeout=timeout, verify=verify, cert=cert, proxies=proxies)
    
        chunked = not (request.body is None or 'Content-Length' in request.headers)
    
        if isinstance(timeout, tuple):
            try:
                connect, read = timeout
                timeout = TimeoutSauce(connect=connect, read=read)
            except ValueError as e:
                # this may raise a string formatting error.
                err = ("Invalid timeout {}. Pass a (connect, read) "
                       "timeout tuple, or a single float to set "
                       "both timeouts to the same value".format(timeout))
                raise ValueError(err)
        elif isinstance(timeout, TimeoutSauce):
            pass
        else:
            timeout = TimeoutSauce(connect=timeout, read=timeout)
    
        try:
            if not chunked:
                resp = conn.urlopen(
                    method=request.method,
                    url=url,
                    body=request.body,
                    headers=request.headers,
                    redirect=False,
                    assert_same_host=False,
                    preload_content=False,
                    decode_content=False,
                    retries=self.max_retries,
>                   timeout=timeout
                )

env\lib\site-packages\requests\adapters.py:450: 
_ _ _ _ _ _ _ _ _ _ _ _ _ _ _ _ _ _ _ _ _ _ _ _ _ _ _ _ _ _ _ _ _ _ _ _ _ _ _ _

self = <urllib3.connectionpool.HTTPSConnectionPool object at 0x0000020CF88C8470>
method = 'GET', url = '/crumbIssuer/api/json', body = None
headers = {'User-Agent': 'python-requests/2.27.1', 'Accept-Encoding': 'gzip, deflate', 'Accept': '*/*', 'Connection': 'keep-alive', 'Authorization': 'Basic dml2ZWs6MTE4YjRmODJjYjRmYzI0MWY1YTE3YjBkZWYyNjUzYzAxZQ=='}
retries = Retry(total=0, connect=None, read=False, redirect=None, status=None)
redirect = False, assert_same_host = False
timeout = Timeout(connect=None, read=None, total=None), pool_timeout = None
release_conn = False, chunked = False, body_pos = None
response_kw = {'decode_content': False, 'preload_content': False}
parsed_url = Url(scheme=None, auth=None, host=None, port=None, path='/crumbIssuer/api/json', query=None, fragment=None)
destination_scheme = None, conn = None, release_this_conn = True
http_tunnel_required = False, err = None, clean_exit = False

    def urlopen(
        self,
        method,
        url,
        body=None,
        headers=None,
        retries=None,
        redirect=True,
        assert_same_host=True,
        timeout=_Default,
        pool_timeout=None,
        release_conn=None,
        chunked=False,
        body_pos=None,
        **response_kw
    ):
        """
        Get a connection from the pool and perform an HTTP request. This is the
        lowest level call for making a request, so you'll need to specify all
        the raw details.
    
        .. note::
    
           More commonly, it's appropriate to use a convenience method provided
           by :class:`.RequestMethods`, such as :meth:`request`.
    
        .. note::
    
           `release_conn` will only behave as expected if
           `preload_content=False` because we want to make
           `preload_content=False` the default behaviour someday soon without
           breaking backwards compatibility.
    
        :param method:
            HTTP request method (such as GET, POST, PUT, etc.)
    
        :param url:
            The URL to perform the request on.
    
        :param body:
            Data to send in the request body, either :class:`str`, :class:`bytes`,
            an iterable of :class:`str`/:class:`bytes`, or a file-like object.
    
        :param headers:
            Dictionary of custom headers to send, such as User-Agent,
            If-None-Match, etc. If None, pool headers are used. If provided,
            these headers completely replace any pool-specific headers.
    
        :param retries:
            Configure the number of retries to allow before raising a
            :class:`~urllib3.exceptions.MaxRetryError` exception.
    
            Pass ``None`` to retry until you receive a response. Pass a
            :class:`~urllib3.util.retry.Retry` object for fine-grained control
            over different types of retries.
            Pass an integer number to retry connection errors that many times,
            but no other types of errors. Pass zero to never retry.
    
            If ``False``, then retries are disabled and any exception is raised
            immediately. Also, instead of raising a MaxRetryError on redirects,
            the redirect response will be returned.
    
        :type retries: :class:`~urllib3.util.retry.Retry`, False, or an int.
    
        :param redirect:
            If True, automatically handle redirects (status codes 301, 302,
            303, 307, 308). Each redirect counts as a retry. Disabling retries
            will disable redirect, too.
    
        :param assert_same_host:
            If ``True``, will make sure that the host of the pool requests is
            consistent else will raise HostChangedError. When ``False``, you can
            use the pool on an HTTP proxy and request foreign hosts.
    
        :param timeout:
            If specified, overrides the default timeout for this one
            request. It may be a float (in seconds) or an instance of
            :class:`urllib3.util.Timeout`.
    
        :param pool_timeout:
            If set and the pool is set to block=True, then this method will
            block for ``pool_timeout`` seconds and raise EmptyPoolError if no
            connection is available within the time period.
    
        :param release_conn:
            If False, then the urlopen call will not release the connection
            back into the pool once a response is received (but will release if
            you read the entire contents of the response such as when
            `preload_content=True`). This is useful if you're not preloading
            the response's content immediately. You will need to call
            ``r.release_conn()`` on the response ``r`` to return the connection
            back into the pool. If None, it takes the value of
            ``response_kw.get('preload_content', True)``.
    
        :param chunked:
            If True, urllib3 will send the body using chunked transfer
            encoding. Otherwise, urllib3 will send the body using the standard
            content-length form. Defaults to False.
    
        :param int body_pos:
            Position to seek to in file-like body in the event of a retry or
            redirect. Typically this won't need to be set because urllib3 will
            auto-populate the value when needed.
    
        :param \\**response_kw:
            Additional parameters are passed to
            :meth:`urllib3.response.HTTPResponse.from_httplib`
        """
    
        parsed_url = parse_url(url)
        destination_scheme = parsed_url.scheme
    
        if headers is None:
            headers = self.headers
    
        if not isinstance(retries, Retry):
            retries = Retry.from_int(retries, redirect=redirect, default=self.retries)
    
        if release_conn is None:
            release_conn = response_kw.get("preload_content", True)
    
        # Check host
        if assert_same_host and not self.is_same_host(url):
            raise HostChangedError(self, url, retries)
    
        # Ensure that the URL we're connecting to is properly encoded
        if url.startswith("/"):
            url = six.ensure_str(_encode_target(url))
        else:
            url = six.ensure_str(parsed_url.url)
    
        conn = None
    
        # Track whether `conn` needs to be released before
        # returning/raising/recursing. Update this variable if necessary, and
        # leave `release_conn` constant throughout the function. That way, if
        # the function recurses, the original value of `release_conn` will be
        # passed down into the recursive call, and its value will be respected.
        #
        # See issue #651 [1] for details.
        #
        # [1] <https://github.com/urllib3/urllib3/issues/651>
        release_this_conn = release_conn
    
        http_tunnel_required = connection_requires_http_tunnel(
            self.proxy, self.proxy_config, destination_scheme
        )
    
        # Merge the proxy headers. Only done when not using HTTP CONNECT. We
        # have to copy the headers dict so we can safely change it without those
        # changes being reflected in anyone else's copy.
        if not http_tunnel_required:
            headers = headers.copy()
            headers.update(self.proxy_headers)
    
        # Must keep the exception bound to a separate variable or else Python 3
        # complains about UnboundLocalError.
        err = None
    
        # Keep track of whether we cleanly exited the except block. This
        # ensures we do proper cleanup in finally.
        clean_exit = False
    
        # Rewind body position, if needed. Record current position
        # for future rewinds in the event of a redirect/retry.
        body_pos = set_file_position(body, body_pos)
    
        try:
            # Request a connection from the queue.
            timeout_obj = self._get_timeout(timeout)
            conn = self._get_conn(timeout=pool_timeout)
    
            conn.timeout = timeout_obj.connect_timeout
    
            is_new_proxy_conn = self.proxy is not None and not getattr(
                conn, "sock", None
            )
            if is_new_proxy_conn and http_tunnel_required:
                self._prepare_proxy(conn)
    
            # Make the request on the httplib connection object.
            httplib_response = self._make_request(
                conn,
                method,
                url,
                timeout=timeout_obj,
                body=body,
                headers=headers,
                chunked=chunked,
            )
    
            # If we're going to release the connection in ``finally:``, then
            # the response doesn't need to know about the connection. Otherwise
            # it will also try to release it and we'll have a double-release
            # mess.
            response_conn = conn if not release_conn else None
    
            # Pass method to Response for length checking
            response_kw["request_method"] = method
    
            # Import httplib's response into our own wrapper object
            response = self.ResponseCls.from_httplib(
                httplib_response,
                pool=self,
                connection=response_conn,
                retries=retries,
                **response_kw
            )
    
            # Everything went great!
            clean_exit = True
    
        except EmptyPoolError:
            # Didn't get a connection from the pool, no need to clean up
            clean_exit = True
            release_this_conn = False
            raise
    
        except (
            TimeoutError,
            HTTPException,
            SocketError,
            ProtocolError,
            BaseSSLError,
            SSLError,
            CertificateError,
        ) as e:
            # Discard the connection for these exceptions. It will be
            # replaced during the next _get_conn() call.
            clean_exit = False
    
            def _is_ssl_error_message_from_http_proxy(ssl_error):
                # We're trying to detect the message 'WRONG_VERSION_NUMBER' but
                # SSLErrors are kinda all over the place when it comes to the message,
                # so we try to cover our bases here!
                message = " ".join(re.split("[^a-z]", str(ssl_error).lower()))
                return (
                    "wrong version number" in message or "unknown protocol" in message
                )
    
            # Try to detect a common user error with proxies which is to
            # set an HTTP proxy to be HTTPS when it should be 'http://'
            # (ie {'http': 'http://proxy', 'https': 'https://proxy'})
            # Instead we add a nice error message and point to a URL.
            if (
                isinstance(e, BaseSSLError)
                and self.proxy
                and _is_ssl_error_message_from_http_proxy(e)
            ):
                e = ProxyError(
                    "Your proxy appears to only use HTTP and not HTTPS, "
                    "try changing your proxy URL to be HTTP. See: "
                    "https://urllib3.readthedocs.io/en/1.26.x/advanced-usage.html"
                    "#https-proxy-error-http-proxy",
                    SSLError(e),
                )
            elif isinstance(e, (BaseSSLError, CertificateError)):
                e = SSLError(e)
            elif isinstance(e, (SocketError, NewConnectionError)) and self.proxy:
                e = ProxyError("Cannot connect to proxy.", e)
            elif isinstance(e, (SocketError, HTTPException)):
                e = ProtocolError("Connection aborted.", e)
    
            retries = retries.increment(
>               method, url, error=e, _pool=self, _stacktrace=sys.exc_info()[2]
            )

env\lib\site-packages\urllib3\connectionpool.py:786: 
_ _ _ _ _ _ _ _ _ _ _ _ _ _ _ _ _ _ _ _ _ _ _ _ _ _ _ _ _ _ _ _ _ _ _ _ _ _ _ _

self = Retry(total=0, connect=None, read=False, redirect=None, status=None)
method = 'GET', url = '/crumbIssuer/api/json', response = None
error = SSLError(SSLError(1, '[SSL: CERTIFICATE_VERIFY_FAILED] certificate verify failed (_ssl.c:847)'),)
_pool = <urllib3.connectionpool.HTTPSConnectionPool object at 0x0000020CF88C8470>
_stacktrace = <traceback object at 0x0000020CF88F4788>

    def increment(
        self,
        method=None,
        url=None,
        response=None,
        error=None,
        _pool=None,
        _stacktrace=None,
    ):
        """Return a new Retry object with incremented retry counters.
    
        :param response: A response object, or None, if the server did not
            return a response.
        :type response: :class:`~urllib3.response.HTTPResponse`
        :param Exception error: An error encountered during the request, or
            None if the response was received successfully.
    
        :return: A new ``Retry`` object.
        """
        if self.total is False and error:
            # Disabled, indicate to re-raise the error.
            raise six.reraise(type(error), error, _stacktrace)
    
        total = self.total
        if total is not None:
            total -= 1
    
        connect = self.connect
        read = self.read
        redirect = self.redirect
        status_count = self.status
        other = self.other
        cause = "unknown"
        status = None
        redirect_location = None
    
        if error and self._is_connection_error(error):
            # Connect retry?
            if connect is False:
                raise six.reraise(type(error), error, _stacktrace)
            elif connect is not None:
                connect -= 1
    
        elif error and self._is_read_error(error):
            # Read retry?
            if read is False or not self._is_method_retryable(method):
                raise six.reraise(type(error), error, _stacktrace)
            elif read is not None:
                read -= 1
    
        elif error:
            # Other retry?
            if other is not None:
                other -= 1
    
        elif response and response.get_redirect_location():
            # Redirect retry?
            if redirect is not None:
                redirect -= 1
            cause = "too many redirects"
            redirect_location = response.get_redirect_location()
            status = response.status
    
        else:
            # Incrementing because of a server error like a 500 in
            # status_forcelist and the given method is in the allowed_methods
            cause = ResponseError.GENERIC_ERROR
            if response and response.status:
                if status_count is not None:
                    status_count -= 1
                cause = ResponseError.SPECIFIC_ERROR.format(status_code=response.status)
                status = response.status
    
        history = self.history + (
            RequestHistory(method, url, error, status, redirect_location),
        )
    
        new_retry = self.new(
            total=total,
            connect=connect,
            read=read,
            redirect=redirect,
            status=status_count,
            other=other,
            history=history,
        )
    
        if new_retry.is_exhausted():
>           raise MaxRetryError(_pool, url, error or ResponseError(cause))
E           urllib3.exceptions.MaxRetryError: HTTPSConnectionPool(host='ez-jenkins.mip.storage.hpecorp.net', port=8443): Max retries exceeded with url: /crumbIssuer/api/json (Caused by SSLError(SSLError(1, '[SSL: CERTIFICATE_VERIFY_FAILED] certificate verify failed (_ssl.c:847)'),))

env\lib\site-packages\urllib3\util\retry.py:592: MaxRetryError

During handling of the above exception, another exception occurred:

ip_list = ['16.143.21.125', '16.143.21.126', '16.143.21.125', '16.143.21.126', '16.143.21.122', '16.143.21.251', ...]
jenkins_url = 'https://ez-jenkins.mip.storage.hpecorp.net:8443'
jenkins_user = 'vivek', jenkins_token = '118b4f82cb4fc241f5a17b0def2653c01e'

    def os_install_and_bootstrap_platform(ip_list, jenkins_url=None, jenkins_user=None, jenkins_token=None):
        jenkins_srv = JenkinsAPI(jenkins_url, jenkins_user, jenkins_token)
    
        for _ in range(10):
            try:
>               if jenkins_srv.jenkins_os_install(ip_list):

core\platform_prepare.py:121: 
_ _ _ _ _ _ _ _ _ _ _ _ _ _ _ _ _ _ _ _ _ _ _ _ _ _ _ _ _ _ _ _ _ _ _ _ _ _ _ _

self = <core.platform_prepare.JenkinsAPI object at 0x0000020CF88BE8D0>
list_nodes = ['16.143.21.125', '16.143.21.126', '16.143.21.125', '16.143.21.126', '16.143.21.122', '16.143.21.251', ...]

    def jenkins_os_install(self, list_nodes):
>       crumb_field = self.get_jenkins_crumb()

core\platform_prepare.py:34: 
_ _ _ _ _ _ _ _ _ _ _ _ _ _ _ _ _ _ _ _ _ _ _ _ _ _ _ _ _ _ _ _ _ _ _ _ _ _ _ _

self = <core.platform_prepare.JenkinsAPI object at 0x0000020CF88BE8D0>

    def get_jenkins_crumb(self):
>       res = requests.get(f"{self._jenkins_url}/crumbIssuer/api/json", verify=True, auth=(self._jenkins_user, self._jenkins_token))

core\platform_prepare.py:28: 
_ _ _ _ _ _ _ _ _ _ _ _ _ _ _ _ _ _ _ _ _ _ _ _ _ _ _ _ _ _ _ _ _ _ _ _ _ _ _ _

url = 'https://ez-jenkins.mip.storage.hpecorp.net:8443/crumbIssuer/api/json'
params = None
kwargs = {'auth': ('vivek', '118b4f82cb4fc241f5a17b0def2653c01e'), 'verify': True}

    def get(url, params=None, **kwargs):
        r"""Sends a GET request.
    
        :param url: URL for the new :class:`Request` object.
        :param params: (optional) Dictionary, list of tuples or bytes to send
            in the query string for the :class:`Request`.
        :param \*\*kwargs: Optional arguments that ``request`` takes.
        :return: :class:`Response <Response>` object
        :rtype: requests.Response
        """
    
>       return request('get', url, params=params, **kwargs)

env\lib\site-packages\requests\api.py:75: 
_ _ _ _ _ _ _ _ _ _ _ _ _ _ _ _ _ _ _ _ _ _ _ _ _ _ _ _ _ _ _ _ _ _ _ _ _ _ _ _

method = 'get'
url = 'https://ez-jenkins.mip.storage.hpecorp.net:8443/crumbIssuer/api/json'
kwargs = {'auth': ('vivek', '118b4f82cb4fc241f5a17b0def2653c01e'), 'params': None, 'verify': True}
session = <requests.sessions.Session object at 0x0000020CF88C4278>

    def request(method, url, **kwargs):
        """Constructs and sends a :class:`Request <Request>`.
    
        :param method: method for the new :class:`Request` object: ``GET``, ``OPTIONS``, ``HEAD``, ``POST``, ``PUT``, ``PATCH``, or ``DELETE``.
        :param url: URL for the new :class:`Request` object.
        :param params: (optional) Dictionary, list of tuples or bytes to send
            in the query string for the :class:`Request`.
        :param data: (optional) Dictionary, list of tuples, bytes, or file-like
            object to send in the body of the :class:`Request`.
        :param json: (optional) A JSON serializable Python object to send in the body of the :class:`Request`.
        :param headers: (optional) Dictionary of HTTP Headers to send with the :class:`Request`.
        :param cookies: (optional) Dict or CookieJar object to send with the :class:`Request`.
        :param files: (optional) Dictionary of ``'name': file-like-objects`` (or ``{'name': file-tuple}``) for multipart encoding upload.
            ``file-tuple`` can be a 2-tuple ``('filename', fileobj)``, 3-tuple ``('filename', fileobj, 'content_type')``
            or a 4-tuple ``('filename', fileobj, 'content_type', custom_headers)``, where ``'content-type'`` is a string
            defining the content type of the given file and ``custom_headers`` a dict-like object containing additional headers
            to add for the file.
        :param auth: (optional) Auth tuple to enable Basic/Digest/Custom HTTP Auth.
        :param timeout: (optional) How many seconds to wait for the server to send data
            before giving up, as a float, or a :ref:`(connect timeout, read
            timeout) <timeouts>` tuple.
        :type timeout: float or tuple
        :param allow_redirects: (optional) Boolean. Enable/disable GET/OPTIONS/POST/PUT/PATCH/DELETE/HEAD redirection. Defaults to ``True``.
        :type allow_redirects: bool
        :param proxies: (optional) Dictionary mapping protocol to the URL of the proxy.
        :param verify: (optional) Either a boolean, in which case it controls whether we verify
                the server's TLS certificate, or a string, in which case it must be a path
                to a CA bundle to use. Defaults to ``True``.
        :param stream: (optional) if ``False``, the response content will be immediately downloaded.
        :param cert: (optional) if String, path to ssl client cert file (.pem). If Tuple, ('cert', 'key') pair.
        :return: :class:`Response <Response>` object
        :rtype: requests.Response
    
        Usage::
    
          >>> import requests
          >>> req = requests.request('GET', 'https://httpbin.org/get')
          >>> req
          <Response [200]>
        """
    
        # By using the 'with' statement we are sure the session is closed, thus we
        # avoid leaving sockets open which can trigger a ResourceWarning in some
        # cases, and look like a memory leak in others.
        with sessions.Session() as session:
>           return session.request(method=method, url=url, **kwargs)

env\lib\site-packages\requests\api.py:61: 
_ _ _ _ _ _ _ _ _ _ _ _ _ _ _ _ _ _ _ _ _ _ _ _ _ _ _ _ _ _ _ _ _ _ _ _ _ _ _ _

self = <requests.sessions.Session object at 0x0000020CF88C4278>, method = 'get'
url = 'https://ez-jenkins.mip.storage.hpecorp.net:8443/crumbIssuer/api/json'
params = None, data = None, headers = None, cookies = None, files = None
auth = ('vivek', '118b4f82cb4fc241f5a17b0def2653c01e'), timeout = None
allow_redirects = True, proxies = {}, hooks = None, stream = None, verify = True
cert = None, json = None

    def request(self, method, url,
            params=None, data=None, headers=None, cookies=None, files=None,
            auth=None, timeout=None, allow_redirects=True, proxies=None,
            hooks=None, stream=None, verify=None, cert=None, json=None):
        """Constructs a :class:`Request <Request>`, prepares it and sends it.
        Returns :class:`Response <Response>` object.
    
        :param method: method for the new :class:`Request` object.
        :param url: URL for the new :class:`Request` object.
        :param params: (optional) Dictionary or bytes to be sent in the query
            string for the :class:`Request`.
        :param data: (optional) Dictionary, list of tuples, bytes, or file-like
            object to send in the body of the :class:`Request`.
        :param json: (optional) json to send in the body of the
            :class:`Request`.
        :param headers: (optional) Dictionary of HTTP Headers to send with the
            :class:`Request`.
        :param cookies: (optional) Dict or CookieJar object to send with the
            :class:`Request`.
        :param files: (optional) Dictionary of ``'filename': file-like-objects``
            for multipart encoding upload.
        :param auth: (optional) Auth tuple or callable to enable
            Basic/Digest/Custom HTTP Auth.
        :param timeout: (optional) How long to wait for the server to send
            data before giving up, as a float, or a :ref:`(connect timeout,
            read timeout) <timeouts>` tuple.
        :type timeout: float or tuple
        :param allow_redirects: (optional) Set to True by default.
        :type allow_redirects: bool
        :param proxies: (optional) Dictionary mapping protocol or protocol and
            hostname to the URL of the proxy.
        :param stream: (optional) whether to immediately download the response
            content. Defaults to ``False``.
        :param verify: (optional) Either a boolean, in which case it controls whether we verify
            the server's TLS certificate, or a string, in which case it must be a path
            to a CA bundle to use. Defaults to ``True``. When set to
            ``False``, requests will accept any TLS certificate presented by
            the server, and will ignore hostname mismatches and/or expired
            certificates, which will make your application vulnerable to
            man-in-the-middle (MitM) attacks. Setting verify to ``False``
            may be useful during local development or testing.
        :param cert: (optional) if String, path to ssl client cert file (.pem).
            If Tuple, ('cert', 'key') pair.
        :rtype: requests.Response
        """
        # Create the Request.
        req = Request(
            method=method.upper(),
            url=url,
            headers=headers,
            files=files,
            data=data or {},
            json=json,
            params=params or {},
            auth=auth,
            cookies=cookies,
            hooks=hooks,
        )
        prep = self.prepare_request(req)
    
        proxies = proxies or {}
    
        settings = self.merge_environment_settings(
            prep.url, proxies, stream, verify, cert
        )
    
        # Send the request.
        send_kwargs = {
            'timeout': timeout,
            'allow_redirects': allow_redirects,
        }
        send_kwargs.update(settings)
>       resp = self.send(prep, **send_kwargs)

env\lib\site-packages\requests\sessions.py:529: 
_ _ _ _ _ _ _ _ _ _ _ _ _ _ _ _ _ _ _ _ _ _ _ _ _ _ _ _ _ _ _ _ _ _ _ _ _ _ _ _

self = <requests.sessions.Session object at 0x0000020CF88C4278>
request = <PreparedRequest [GET]>
kwargs = {'cert': None, 'proxies': OrderedDict(), 'stream': False, 'timeout': None, ...}
allow_redirects = True, stream = False, hooks = {'response': []}
adapter = <requests.adapters.HTTPAdapter object at 0x0000020CF88C82E8>
start = 0.4095500606060606

    def send(self, request, **kwargs):
        """Send a given PreparedRequest.
    
        :rtype: requests.Response
        """
        # Set defaults that the hooks can utilize to ensure they always have
        # the correct parameters to reproduce the previous request.
        kwargs.setdefault('stream', self.stream)
        kwargs.setdefault('verify', self.verify)
        kwargs.setdefault('cert', self.cert)
        if 'proxies' not in kwargs:
            kwargs['proxies'] = resolve_proxies(
                request, self.proxies, self.trust_env
            )
    
        # It's possible that users might accidentally send a Request object.
        # Guard against that specific failure case.
        if isinstance(request, Request):
            raise ValueError('You can only send PreparedRequests.')
    
        # Set up variables needed for resolve_redirects and dispatching of hooks
        allow_redirects = kwargs.pop('allow_redirects', True)
        stream = kwargs.get('stream')
        hooks = request.hooks
    
        # Get the appropriate adapter to use
        adapter = self.get_adapter(url=request.url)
    
        # Start time (approximately) of the request
        start = preferred_clock()
    
        # Send the request
>       r = adapter.send(request, **kwargs)

env\lib\site-packages\requests\sessions.py:645: 
_ _ _ _ _ _ _ _ _ _ _ _ _ _ _ _ _ _ _ _ _ _ _ _ _ _ _ _ _ _ _ _ _ _ _ _ _ _ _ _

self = <requests.adapters.HTTPAdapter object at 0x0000020CF88C82E8>
request = <PreparedRequest [GET]>, stream = False
timeout = Timeout(connect=None, read=None, total=None), verify = True
cert = None, proxies = OrderedDict()

    def send(self, request, stream=False, timeout=None, verify=True, cert=None, proxies=None):
        """Sends PreparedRequest object. Returns Response object.
    
        :param request: The :class:`PreparedRequest <PreparedRequest>` being sent.
        :param stream: (optional) Whether to stream the request content.
        :param timeout: (optional) How long to wait for the server to send
            data before giving up, as a float, or a :ref:`(connect timeout,
            read timeout) <timeouts>` tuple.
        :type timeout: float or tuple or urllib3 Timeout object
        :param verify: (optional) Either a boolean, in which case it controls whether
            we verify the server's TLS certificate, or a string, in which case it
            must be a path to a CA bundle to use
        :param cert: (optional) Any user-provided SSL certificate to be trusted.
        :param proxies: (optional) The proxies dictionary to apply to the request.
        :rtype: requests.Response
        """
    
        try:
            conn = self.get_connection(request.url, proxies)
        except LocationValueError as e:
            raise InvalidURL(e, request=request)
    
        self.cert_verify(conn, request.url, verify, cert)
        url = self.request_url(request, proxies)
        self.add_headers(request, stream=stream, timeout=timeout, verify=verify, cert=cert, proxies=proxies)
    
        chunked = not (request.body is None or 'Content-Length' in request.headers)
    
        if isinstance(timeout, tuple):
            try:
                connect, read = timeout
                timeout = TimeoutSauce(connect=connect, read=read)
            except ValueError as e:
                # this may raise a string formatting error.
                err = ("Invalid timeout {}. Pass a (connect, read) "
                       "timeout tuple, or a single float to set "
                       "both timeouts to the same value".format(timeout))
                raise ValueError(err)
        elif isinstance(timeout, TimeoutSauce):
            pass
        else:
            timeout = TimeoutSauce(connect=timeout, read=timeout)
    
        try:
            if not chunked:
                resp = conn.urlopen(
                    method=request.method,
                    url=url,
                    body=request.body,
                    headers=request.headers,
                    redirect=False,
                    assert_same_host=False,
                    preload_content=False,
                    decode_content=False,
                    retries=self.max_retries,
                    timeout=timeout
                )
    
            # Send the request.
            else:
                if hasattr(conn, 'proxy_pool'):
                    conn = conn.proxy_pool
    
                low_conn = conn._get_conn(timeout=DEFAULT_POOL_TIMEOUT)
    
                try:
                    skip_host = 'Host' in request.headers
                    low_conn.putrequest(request.method,
                                        url,
                                        skip_accept_encoding=True,
                                        skip_host=skip_host)
    
                    for header, value in request.headers.items():
                        low_conn.putheader(header, value)
    
                    low_conn.endheaders()
    
                    for i in request.body:
                        low_conn.send(hex(len(i))[2:].encode('utf-8'))
                        low_conn.send(b'\r\n')
                        low_conn.send(i)
                        low_conn.send(b'\r\n')
                    low_conn.send(b'0\r\n\r\n')
    
                    # Receive the response from the server
                    try:
                        # For Python 2.7, use buffering of HTTP responses
                        r = low_conn.getresponse(buffering=True)
                    except TypeError:
                        # For compatibility with Python 3.3+
                        r = low_conn.getresponse()
    
                    resp = HTTPResponse.from_httplib(
                        r,
                        pool=conn,
                        connection=low_conn,
                        preload_content=False,
                        decode_content=False
                    )
                except:
                    # If we hit any problems here, clean up the connection.
                    # Then, reraise so that we can handle the actual exception.
                    low_conn.close()
                    raise
    
        except (ProtocolError, socket.error) as err:
            raise ConnectionError(err, request=request)
    
        except MaxRetryError as e:
            if isinstance(e.reason, ConnectTimeoutError):
                # TODO: Remove this in 3.0.0: see #2811
                if not isinstance(e.reason, NewConnectionError):
                    raise ConnectTimeout(e, request=request)
    
            if isinstance(e.reason, ResponseError):
                raise RetryError(e, request=request)
    
            if isinstance(e.reason, _ProxyError):
                raise ProxyError(e, request=request)
    
            if isinstance(e.reason, _SSLError):
                # This branch is for urllib3 v1.22 and later.
>               raise SSLError(e, request=request)
E               requests.exceptions.SSLError: HTTPSConnectionPool(host='ez-jenkins.mip.storage.hpecorp.net', port=8443): Max retries exceeded with url: /crumbIssuer/api/json (Caused by SSLError(SSLError(1, '[SSL: CERTIFICATE_VERIFY_FAILED] certificate verify failed (_ssl.c:847)'),))

env\lib\site-packages\requests\adapters.py:517: SSLError

During handling of the above exception, another exception occurred:

config = {'admin_login': 'admin', 'admin_password': 'admin123', 'auth': {'auth_type': 'LDAP', 'base_dn': 'dc=mip,dc=storage,dc=...,dc=mip,dc=storage,dc=hpecorp,dc=net', 'bind_pwd': 'admin123', ...}, 'cluster_creation_max_timeout_seconds': 3600, ...}
host_passwd = None, ecp_jenkins_user = 'vivek'
ecp_jenkins_token = '118b4f82cb4fc241f5a17b0def2653c01e'

    def test_os_install_trigger_job(config, host_passwd, ecp_jenkins_user, ecp_jenkins_token):
        ip_list = [config['controller_ip'], config['gateway_lb_ip']]
        ip_list += ip_range_to_list(config['hosts']['ip_list'])
        jenkins = config['jenkins'] if 'jenkins' in config else None
        jenkins_user = jenkins['user'] if jenkins and 'user' in jenkins else ecp_jenkins_user
        jenkins_token = jenkins['password'] if jenkins and 'password' in jenkins else ecp_jenkins_token
        assert jenkins_user is not None, 'Configuration error, please set ECP_JENKINS_USER in your evironment'
        assert jenkins_token is not None, 'Configuration error, please set ECP_JENKINS_TOKEN in your evironment'
>       assert os_install_and_bootstrap_platform(ip_list, jenkins['url'], jenkins_user,
                                                 jenkins_token), 'Unable to finish external Jenkins JOB'

test_rebuild_os.py:36: 
_ _ _ _ _ _ _ _ _ _ _ _ _ _ _ _ _ _ _ _ _ _ _ _ _ _ _ _ _ _ _ _ _ _ _ _ _ _ _ _

ip_list = ['16.143.21.125', '16.143.21.126', '16.143.21.125', '16.143.21.126', '16.143.21.122', '16.143.21.251', ...]
jenkins_url = 'https://ez-jenkins.mip.storage.hpecorp.net:8443'
jenkins_user = 'vivek', jenkins_token = '118b4f82cb4fc241f5a17b0def2653c01e'

    def os_install_and_bootstrap_platform(ip_list, jenkins_url=None, jenkins_user=None, jenkins_token=None):
        jenkins_srv = JenkinsAPI(jenkins_url, jenkins_user, jenkins_token)
    
        for _ in range(10):
            try:
                if jenkins_srv.jenkins_os_install(ip_list):
                    break
>           except json.RequestsJSONDecodeError:
E           AttributeError: module 'json' has no attribute 'RequestsJSONDecodeError'

core\platform_prepare.py:123: AttributeError
=========================== short test summary info ===========================
FAILED test_rebuild_os.py::test_os_install_trigger_job - AttributeError: modu...
!!!!!!!!!!!!!!!!!!!!!!!!!! stopping after 1 failures !!!!!!!!!!!!!!!!!!!!!!!!!!
========================= 1 failed, 1 passed in 1.40s =========================
